2025-04-14T14:51:17.443+05:30  INFO 2564 --- [main] c.e.venue.VenueManagementApplication     : Starting VenueManagementApplication using Java 21.0.1 with PID 2564 (D:\VENUE - UTSAV\crud\Venue-FSD-IP\backend\target\classes started by Sachi in D:\VENUE - UTSAV\crud\Venue-FSD-IP\backend)
2025-04-14T14:51:17.444+05:30 DEBUG 2564 --- [main] c.e.venue.VenueManagementApplication     : Running with Spring Boot v3.2.3, Spring v6.1.4
2025-04-14T14:51:17.445+05:30  INFO 2564 --- [main] c.e.venue.VenueManagementApplication     : No active profile set, falling back to 1 default profile: "default"
2025-04-14T14:51:17.807+05:30  INFO 2564 --- [main] .s.d.r.c.RepositoryConfigurationDelegate : Bootstrapping Spring Data JPA repositories in DEFAULT mode.
2025-04-14T14:51:17.844+05:30  INFO 2564 --- [main] .s.d.r.c.RepositoryConfigurationDelegate : Finished Spring Data repository scanning in 32 ms. Found 2 JPA repository interfaces.
2025-04-14T14:51:18.684+05:30  INFO 2564 --- [main] o.s.b.w.embedded.tomcat.TomcatWebServer  : Tomcat initialized with port 8080 (http)
2025-04-14T14:51:18.692+05:30  INFO 2564 --- [main] o.apache.catalina.core.StandardService   : Starting service [Tomcat]
2025-04-14T14:51:18.693+05:30  INFO 2564 --- [main] o.apache.catalina.core.StandardEngine    : Starting Servlet engine: [Apache Tomcat/10.1.19]
2025-04-14T14:51:18.746+05:30  INFO 2564 --- [main] o.a.c.c.C.[Tomcat].[localhost].[/]       : Initializing Spring embedded WebApplicationContext
2025-04-14T14:51:18.748+05:30  INFO 2564 --- [main] w.s.c.ServletWebServerApplicationContext : Root WebApplicationContext: initialization completed in 1254 ms
2025-04-14T14:51:19.023+05:30  INFO 2564 --- [main] o.hibernate.jpa.internal.util.LogHelper  : HHH000204: Processing PersistenceUnitInfo [name: default]
2025-04-14T14:51:19.090+05:30  INFO 2564 --- [main] org.hibernate.Version                    : HHH000412: Hibernate ORM core version 6.4.4.Final
2025-04-14T14:51:19.118+05:30  INFO 2564 --- [main] o.h.c.internal.RegionFactoryInitiator    : HHH000026: Second-level cache disabled
2025-04-14T14:51:19.312+05:30  INFO 2564 --- [main] o.s.o.j.p.SpringPersistenceUnitInfo      : No LoadTimeWeaver setup: ignoring JPA class transformer
2025-04-14T14:51:19.333+05:30  INFO 2564 --- [main] com.zaxxer.hikari.HikariDataSource       : HikariPool-1 - Starting...
2025-04-14T14:51:19.456+05:30  INFO 2564 --- [main] com.zaxxer.hikari.pool.HikariPool        : HikariPool-1 - Added connection org.postgresql.jdbc.PgConnection@2b2b7e3c
2025-04-14T14:51:19.457+05:30  INFO 2564 --- [main] com.zaxxer.hikari.HikariDataSource       : HikariPool-1 - Start completed.
2025-04-14T14:51:19.491+05:30  WARN 2564 --- [main] org.hibernate.orm.deprecation            : HHH90000025: PostgreSQLDialect does not need to be specified explicitly using 'hibernate.dialect' (remove the property setting and it will be selected by default)
2025-04-14T14:51:20.167+05:30  INFO 2564 --- [main] o.h.e.t.j.p.i.JtaPlatformInitiator       : HHH000489: No JTA platform available (set 'hibernate.transaction.jta.platform' to enable JTA platform integration)
2025-04-14T14:51:20.233+05:30  INFO 2564 --- [main] j.LocalContainerEntityManagerFactoryBean : Initialized JPA EntityManagerFactory for persistence unit 'default'
2025-04-14T14:51:20.605+05:30  WARN 2564 --- [main] JpaBaseConfiguration$JpaWebConfiguration : spring.jpa.open-in-view is enabled by default. Therefore, database queries may be performed during view rendering. Explicitly configure spring.jpa.open-in-view to disable this warning
2025-04-14T14:51:21.140+05:30  INFO 2564 --- [main] o.s.b.a.e.web.EndpointLinksResolver      : Exposing 4 endpoint(s) beneath base path '/actuator'
2025-04-14T14:51:21.199+05:30  INFO 2564 --- [main] o.s.b.w.embedded.tomcat.TomcatWebServer  : Tomcat started on port 8080 (http) with context path ''
2025-04-14T14:51:21.208+05:30  INFO 2564 --- [main] c.e.venue.VenueManagementApplication     : Started VenueManagementApplication in 4.116 seconds (process running for 4.339)
2025-04-14T14:51:21.341+05:30  INFO 2564 --- [http-nio-8080-exec-1] o.a.c.c.C.[Tomcat].[localhost].[/]       : Initializing Spring DispatcherServlet 'dispatcherServlet'
2025-04-14T14:51:21.341+05:30  INFO 2564 --- [http-nio-8080-exec-1] o.s.web.servlet.DispatcherServlet        : Initializing Servlet 'dispatcherServlet'
2025-04-14T14:51:21.343+05:30  INFO 2564 --- [http-nio-8080-exec-1] o.s.web.servlet.DispatcherServlet        : Completed initialization in 1 ms
2025-04-14T14:54:49.200+05:30  INFO 2564 --- [SpringApplicationShutdownHook] j.LocalContainerEntityManagerFactoryBean : Closing JPA EntityManagerFactory for persistence unit 'default'
2025-04-14T14:54:49.203+05:30  INFO 2564 --- [SpringApplicationShutdownHook] com.zaxxer.hikari.HikariDataSource       : HikariPool-1 - Shutdown initiated...
2025-04-14T14:54:49.210+05:30  INFO 2564 --- [SpringApplicationShutdownHook] com.zaxxer.hikari.HikariDataSource       : HikariPool-1 - Shutdown completed.
2025-04-14T14:55:27.672+05:30  INFO 6988 --- [main] c.e.venue.VenueManagementApplication     : Starting VenueManagementApplication using Java 21.0.1 with PID 6988 (D:\VENUE - UTSAV\crud\Venue-FSD-IP\backend\target\classes started by Sachi in D:\VENUE - UTSAV\crud\Venue-FSD-IP\backend)
2025-04-14T14:55:27.674+05:30 DEBUG 6988 --- [main] c.e.venue.VenueManagementApplication     : Running with Spring Boot v3.2.3, Spring v6.1.4
2025-04-14T14:55:27.675+05:30  INFO 6988 --- [main] c.e.venue.VenueManagementApplication     : No active profile set, falling back to 1 default profile: "default"
2025-04-14T14:55:28.064+05:30  INFO 6988 --- [main] .s.d.r.c.RepositoryConfigurationDelegate : Bootstrapping Spring Data JPA repositories in DEFAULT mode.
2025-04-14T14:55:28.104+05:30  INFO 6988 --- [main] .s.d.r.c.RepositoryConfigurationDelegate : Finished Spring Data repository scanning in 33 ms. Found 2 JPA repository interfaces.
2025-04-14T14:55:28.897+05:30  INFO 6988 --- [main] o.s.b.w.embedded.tomcat.TomcatWebServer  : Tomcat initialized with port 8080 (http)
2025-04-14T14:55:28.906+05:30  INFO 6988 --- [main] o.apache.catalina.core.StandardService   : Starting service [Tomcat]
2025-04-14T14:55:28.906+05:30  INFO 6988 --- [main] o.apache.catalina.core.StandardEngine    : Starting Servlet engine: [Apache Tomcat/10.1.19]
2025-04-14T14:55:28.953+05:30  INFO 6988 --- [main] o.a.c.c.C.[Tomcat].[localhost].[/]       : Initializing Spring embedded WebApplicationContext
2025-04-14T14:55:28.954+05:30  INFO 6988 --- [main] w.s.c.ServletWebServerApplicationContext : Root WebApplicationContext: initialization completed in 1214 ms
2025-04-14T14:55:29.185+05:30  INFO 6988 --- [main] o.hibernate.jpa.internal.util.LogHelper  : HHH000204: Processing PersistenceUnitInfo [name: default]
2025-04-14T14:55:29.224+05:30  INFO 6988 --- [main] org.hibernate.Version                    : HHH000412: Hibernate ORM core version 6.4.4.Final
2025-04-14T14:55:29.244+05:30  INFO 6988 --- [main] o.h.c.internal.RegionFactoryInitiator    : HHH000026: Second-level cache disabled
2025-04-14T14:55:29.383+05:30  INFO 6988 --- [main] o.s.o.j.p.SpringPersistenceUnitInfo      : No LoadTimeWeaver setup: ignoring JPA class transformer
2025-04-14T14:55:29.417+05:30  INFO 6988 --- [main] com.zaxxer.hikari.HikariDataSource       : HikariPool-1 - Starting...
2025-04-14T14:55:29.572+05:30  INFO 6988 --- [main] com.zaxxer.hikari.pool.HikariPool        : HikariPool-1 - Added connection org.postgresql.jdbc.PgConnection@7c4ca87c
2025-04-14T14:55:29.574+05:30  INFO 6988 --- [main] com.zaxxer.hikari.HikariDataSource       : HikariPool-1 - Start completed.
2025-04-14T14:55:29.599+05:30  WARN 6988 --- [main] org.hibernate.orm.deprecation            : HHH90000025: PostgreSQLDialect does not need to be specified explicitly using 'hibernate.dialect' (remove the property setting and it will be selected by default)
2025-04-14T14:55:30.158+05:30  INFO 6988 --- [main] o.h.e.t.j.p.i.JtaPlatformInitiator       : HHH000489: No JTA platform available (set 'hibernate.transaction.jta.platform' to enable JTA platform integration)
2025-04-14T14:55:30.216+05:30  INFO 6988 --- [main] j.LocalContainerEntityManagerFactoryBean : Initialized JPA EntityManagerFactory for persistence unit 'default'
2025-04-14T14:55:30.581+05:30  WARN 6988 --- [main] JpaBaseConfiguration$JpaWebConfiguration : spring.jpa.open-in-view is enabled by default. Therefore, database queries may be performed during view rendering. Explicitly configure spring.jpa.open-in-view to disable this warning
2025-04-14T14:55:30.963+05:30  INFO 6988 --- [main] o.s.b.a.e.web.EndpointLinksResolver      : Exposing 4 endpoint(s) beneath base path '/actuator'
2025-04-14T14:55:31.022+05:30  INFO 6988 --- [main] o.s.b.w.embedded.tomcat.TomcatWebServer  : Tomcat started on port 8080 (http) with context path ''
2025-04-14T14:55:31.030+05:30  INFO 6988 --- [main] c.e.venue.VenueManagementApplication     : Started VenueManagementApplication in 3.712 seconds (process running for 3.939)
2025-04-14T14:58:02.080+05:30  INFO 6988 --- [http-nio-8080-exec-2] o.a.c.c.C.[Tomcat].[localhost].[/]       : Initializing Spring DispatcherServlet 'dispatcherServlet'
2025-04-14T14:58:02.082+05:30  INFO 6988 --- [http-nio-8080-exec-2] o.s.web.servlet.DispatcherServlet        : Initializing Servlet 'dispatcherServlet'
2025-04-14T14:58:02.085+05:30  INFO 6988 --- [http-nio-8080-exec-2] o.s.web.servlet.DispatcherServlet        : Completed initialization in 2 ms
2025-04-14T15:02:20.673+05:30  INFO 6988 --- [SpringApplicationShutdownHook] j.LocalContainerEntityManagerFactoryBean : Closing JPA EntityManagerFactory for persistence unit 'default'
2025-04-14T15:02:20.679+05:30  INFO 6988 --- [SpringApplicationShutdownHook] com.zaxxer.hikari.HikariDataSource       : HikariPool-1 - Shutdown initiated...
2025-04-14T15:02:20.692+05:30  INFO 6988 --- [SpringApplicationShutdownHook] com.zaxxer.hikari.HikariDataSource       : HikariPool-1 - Shutdown completed.
2025-04-14T15:02:56.424+05:30  INFO 25384 --- [main] c.e.venue.VenueManagementApplication     : Starting VenueManagementApplication using Java 21.0.1 with PID 25384 (D:\VENUE - UTSAV\crud\Venue-FSD-IP\backend\target\classes started by Sachi in D:\VENUE - UTSAV\crud\Venue-FSD-IP\backend)
2025-04-14T15:02:56.425+05:30 DEBUG 25384 --- [main] c.e.venue.VenueManagementApplication     : Running with Spring Boot v3.2.3, Spring v6.1.4
2025-04-14T15:02:56.427+05:30  INFO 25384 --- [main] c.e.venue.VenueManagementApplication     : No active profile set, falling back to 1 default profile: "default"
2025-04-14T15:02:56.772+05:30  INFO 25384 --- [main] .s.d.r.c.RepositoryConfigurationDelegate : Bootstrapping Spring Data JPA repositories in DEFAULT mode.
2025-04-14T15:02:56.803+05:30  INFO 25384 --- [main] .s.d.r.c.RepositoryConfigurationDelegate : Finished Spring Data repository scanning in 26 ms. Found 2 JPA repository interfaces.
2025-04-14T15:02:57.789+05:30  INFO 25384 --- [main] o.s.b.w.embedded.tomcat.TomcatWebServer  : Tomcat initialized with port 8080 (http)
2025-04-14T15:02:57.797+05:30  INFO 25384 --- [main] o.apache.catalina.core.StandardService   : Starting service [Tomcat]
2025-04-14T15:02:57.797+05:30  INFO 25384 --- [main] o.apache.catalina.core.StandardEngine    : Starting Servlet engine: [Apache Tomcat/10.1.19]
2025-04-14T15:02:57.843+05:30  INFO 25384 --- [main] o.a.c.c.C.[Tomcat].[localhost].[/]       : Initializing Spring embedded WebApplicationContext
2025-04-14T15:02:57.844+05:30  INFO 25384 --- [main] w.s.c.ServletWebServerApplicationContext : Root WebApplicationContext: initialization completed in 1379 ms
2025-04-14T15:02:58.071+05:30  INFO 25384 --- [main] o.hibernate.jpa.internal.util.LogHelper  : HHH000204: Processing PersistenceUnitInfo [name: default]
2025-04-14T15:02:58.171+05:30  INFO 25384 --- [main] org.hibernate.Version                    : HHH000412: Hibernate ORM core version 6.4.4.Final
2025-04-14T15:02:58.225+05:30  INFO 25384 --- [main] o.h.c.internal.RegionFactoryInitiator    : HHH000026: Second-level cache disabled
2025-04-14T15:02:58.453+05:30  INFO 25384 --- [main] o.s.o.j.p.SpringPersistenceUnitInfo      : No LoadTimeWeaver setup: ignoring JPA class transformer
2025-04-14T15:02:58.476+05:30  INFO 25384 --- [main] com.zaxxer.hikari.HikariDataSource       : HikariPool-1 - Starting...
2025-04-14T15:02:58.601+05:30  INFO 25384 --- [main] com.zaxxer.hikari.pool.HikariPool        : HikariPool-1 - Added connection org.postgresql.jdbc.PgConnection@11c3ce6a
2025-04-14T15:02:58.602+05:30  INFO 25384 --- [main] com.zaxxer.hikari.HikariDataSource       : HikariPool-1 - Start completed.
2025-04-14T15:02:58.640+05:30  WARN 25384 --- [main] org.hibernate.orm.deprecation            : HHH90000025: PostgreSQLDialect does not need to be specified explicitly using 'hibernate.dialect' (remove the property setting and it will be selected by default)
2025-04-14T15:02:59.287+05:30  INFO 25384 --- [main] o.h.e.t.j.p.i.JtaPlatformInitiator       : HHH000489: No JTA platform available (set 'hibernate.transaction.jta.platform' to enable JTA platform integration)
2025-04-14T15:02:59.351+05:30  INFO 25384 --- [main] j.LocalContainerEntityManagerFactoryBean : Initialized JPA EntityManagerFactory for persistence unit 'default'
2025-04-14T15:02:59.673+05:30  WARN 25384 --- [main] JpaBaseConfiguration$JpaWebConfiguration : spring.jpa.open-in-view is enabled by default. Therefore, database queries may be performed during view rendering. Explicitly configure spring.jpa.open-in-view to disable this warning
2025-04-14T15:03:00.046+05:30  INFO 25384 --- [main] o.s.b.a.e.web.EndpointLinksResolver      : Exposing 4 endpoint(s) beneath base path '/actuator'
2025-04-14T15:03:00.095+05:30  INFO 25384 --- [main] o.s.b.w.embedded.tomcat.TomcatWebServer  : Tomcat started on port 8080 (http) with context path ''
2025-04-14T15:03:00.102+05:30  INFO 25384 --- [main] c.e.venue.VenueManagementApplication     : Started VenueManagementApplication in 4.028 seconds (process running for 4.273)
2025-04-14T15:03:06.299+05:30  INFO 25384 --- [http-nio-8080-exec-1] o.a.c.c.C.[Tomcat].[localhost].[/]       : Initializing Spring DispatcherServlet 'dispatcherServlet'
2025-04-14T15:03:06.300+05:30  INFO 25384 --- [http-nio-8080-exec-1] o.s.web.servlet.DispatcherServlet        : Initializing Servlet 'dispatcherServlet'
2025-04-14T15:03:06.301+05:30  INFO 25384 --- [http-nio-8080-exec-1] o.s.web.servlet.DispatcherServlet        : Completed initialization in 1 ms
2025-04-14T15:08:13.577+05:30  INFO 25384 --- [SpringApplicationShutdownHook] j.LocalContainerEntityManagerFactoryBean : Closing JPA EntityManagerFactory for persistence unit 'default'
2025-04-14T15:08:13.583+05:30  INFO 25384 --- [SpringApplicationShutdownHook] com.zaxxer.hikari.HikariDataSource       : HikariPool-1 - Shutdown initiated...
2025-04-14T15:08:13.590+05:30  INFO 25384 --- [SpringApplicationShutdownHook] com.zaxxer.hikari.HikariDataSource       : HikariPool-1 - Shutdown completed.
